0 info it worked if it ends with ok
1 verbose cli [ 'C:\\Users\\user\\Downloads\\Programs\\NodeJSPortable\\App\\NodeJS\\node.exe',
1 verbose cli   'C:\\Users\\user\\Downloads\\Programs\\NodeJSPortable\\Data\\node_modules\\npm\\bin\\npm-cli.js',
1 verbose cli   'bugs',
1 verbose cli   'copytocloud' ]
2 info using npm@3.5.3
3 info using node@v5.7.0
4 silly fetchPackageMetaData copytocloud
5 silly fetchNamedPackageData copytocloud
6 silly mapToRegistry name copytocloud
7 silly mapToRegistry using default registry
8 silly mapToRegistry registry https://registry.npmjs.org/
9 silly mapToRegistry uri https://registry.npmjs.org/copytocloud
10 verbose request uri https://registry.npmjs.org/copytocloud
11 verbose request no auth needed
12 info attempt registry request try #1 at 12:20:13 PM
13 verbose request id 80e71f01b7b1b5fa
14 http request GET https://registry.npmjs.org/copytocloud
15 http 404 https://registry.npmjs.org/copytocloud
16 verbose headers { 'content-type': 'application/json',
16 verbose headers   'cache-control': 'max-age=0',
16 verbose headers   'content-length': '2',
16 verbose headers   'accept-ranges': 'bytes',
16 verbose headers   date: 'Fri, 28 Oct 2016 06:50:17 GMT',
16 verbose headers   via: '1.1 varnish',
16 verbose headers   age: '0',
16 verbose headers   connection: 'keep-alive',
16 verbose headers   'x-served-by': 'cache-sin6923-SIN',
16 verbose headers   'x-cache': 'MISS',
16 verbose headers   'x-cache-hits': '0',
16 verbose headers   'x-timer': 'S1477637416.929919,VS0,VE262',
16 verbose headers   vary: 'Accept-Encoding' }
17 silly get cb [ 404,
17 silly get   { 'content-type': 'application/json',
17 silly get     'cache-control': 'max-age=0',
17 silly get     'content-length': '2',
17 silly get     'accept-ranges': 'bytes',
17 silly get     date: 'Fri, 28 Oct 2016 06:50:17 GMT',
17 silly get     via: '1.1 varnish',
17 silly get     age: '0',
17 silly get     connection: 'keep-alive',
17 silly get     'x-served-by': 'cache-sin6923-SIN',
17 silly get     'x-cache': 'MISS',
17 silly get     'x-cache-hits': '0',
17 silly get     'x-timer': 'S1477637416.929919,VS0,VE262',
17 silly get     vary: 'Accept-Encoding' } ]
18 silly fetchPackageMetaData Error: Registry returned 404 for GET on https://registry.npmjs.org/copytocloud
18 silly fetchPackageMetaData     at makeError (C:\Users\user\Downloads\Programs\NodeJSPortable\Data\node_modules\npm\node_modules\npm-registry-client\lib\request.js:264:12)
18 silly fetchPackageMetaData     at CachingRegistryClient.<anonymous> (C:\Users\user\Downloads\Programs\NodeJSPortable\Data\node_modules\npm\node_modules\npm-registry-client\lib\request.js:242:14)
18 silly fetchPackageMetaData     at Request._callback (C:\Users\user\Downloads\Programs\NodeJSPortable\Data\node_modules\npm\node_modules\npm-registry-client\lib\request.js:172:14)
18 silly fetchPackageMetaData     at Request.self.callback (C:\Users\user\Downloads\Programs\NodeJSPortable\Data\node_modules\npm\node_modules\request\request.js:198:22)
18 silly fetchPackageMetaData     at emitTwo (events.js:100:13)
18 silly fetchPackageMetaData     at Request.emit (events.js:185:7)
18 silly fetchPackageMetaData     at Request.<anonymous> (C:\Users\user\Downloads\Programs\NodeJSPortable\Data\node_modules\npm\node_modules\request\request.js:1035:10)
18 silly fetchPackageMetaData     at emitOne (events.js:95:20)
18 silly fetchPackageMetaData     at Request.emit (events.js:182:7)
18 silly fetchPackageMetaData     at IncomingMessage.<anonymous> (C:\Users\user\Downloads\Programs\NodeJSPortable\Data\node_modules\npm\node_modules\request\request.js:962:12)
18 silly fetchPackageMetaData  error for copytocloud { [Error: Registry returned 404 for GET on https://registry.npmjs.org/copytocloud] pkgid: 'copytocloud', statusCode: 404, code: 'E404' }
19 verbose stack Error: Registry returned 404 for GET on https://registry.npmjs.org/copytocloud
19 verbose stack     at makeError (C:\Users\user\Downloads\Programs\NodeJSPortable\Data\node_modules\npm\node_modules\npm-registry-client\lib\request.js:264:12)
19 verbose stack     at CachingRegistryClient.<anonymous> (C:\Users\user\Downloads\Programs\NodeJSPortable\Data\node_modules\npm\node_modules\npm-registry-client\lib\request.js:242:14)
19 verbose stack     at Request._callback (C:\Users\user\Downloads\Programs\NodeJSPortable\Data\node_modules\npm\node_modules\npm-registry-client\lib\request.js:172:14)
19 verbose stack     at Request.self.callback (C:\Users\user\Downloads\Programs\NodeJSPortable\Data\node_modules\npm\node_modules\request\request.js:198:22)
19 verbose stack     at emitTwo (events.js:100:13)
19 verbose stack     at Request.emit (events.js:185:7)
19 verbose stack     at Request.<anonymous> (C:\Users\user\Downloads\Programs\NodeJSPortable\Data\node_modules\npm\node_modules\request\request.js:1035:10)
19 verbose stack     at emitOne (events.js:95:20)
19 verbose stack     at Request.emit (events.js:182:7)
19 verbose stack     at IncomingMessage.<anonymous> (C:\Users\user\Downloads\Programs\NodeJSPortable\Data\node_modules\npm\node_modules\request\request.js:962:12)
20 verbose statusCode 404
21 verbose pkgid copytocloud
22 verbose cwd C:\Users\user\copytocloud
23 error Windows_NT 6.1.7600
24 error argv "C:\\Users\\user\\Downloads\\Programs\\NodeJSPortable\\App\\NodeJS\\node.exe" "C:\\Users\\user\\Downloads\\Programs\\NodeJSPortable\\Data\\node_modules\\npm\\bin\\npm-cli.js" "bugs" "copytocloud"
25 error node v5.7.0
26 error npm  v3.5.3
27 error code E404
28 error 404 Registry returned 404 for GET on https://registry.npmjs.org/copytocloud
29 error 404
30 error 404 'copytocloud' is not in the npm registry.
31 error 404 You should bug the author to publish it (or use the name yourself!)
32 error 404 Note that you can also install from a
33 error 404 tarball, folder, http url, or git url.
34 verbose exit [ 1, true ]
